[error] Failed to fetch Firebase Project from Studio Workspace because WORKSPACE_SLUG environment variable is empty
[error] Failed to fetch Firebase Project from Studio Workspace because WORKSPACE_SLUG environment variable is empty
[error] Failed to fetch Firebase Project from Studio Workspace because WORKSPACE_SLUG environment variable is empty
[error] Failed to fetch Firebase Project from Studio Workspace because WORKSPACE_SLUG environment variable is empty
[debug] [2025-12-05T19:59:48.497Z] > command requires scopes: ["email","openid","https://www.googleapis.com/auth/cloudplatformprojects.readonly","https://www.googleapis.com/auth/firebase","https://www.googleapis.com/auth/cloud-platform","https://www.googleapis.com/auth/userinfo.email"]
[debug] [2025-12-05T19:59:48.498Z] > authorizing via signed-in user (amin8914@gmail.com)
[debug] [2025-12-05T19:59:48.508Z] Checked if tokens are valid: false, expires at: 1764883455270
[debug] [2025-12-05T19:59:48.508Z] Checked if tokens are valid: false, expires at: 1764883455270
[debug] [2025-12-05T19:59:48.509Z] > refreshing access token with scopes: []
[debug] [2025-12-05T19:59:48.512Z] >>> [apiv2][query] POST https://www.googleapis.com/oauth2/v3/token [none]
[debug] [2025-12-05T19:59:48.513Z] >>> [apiv2][body] POST https://www.googleapis.com/oauth2/v3/token [omitted]
[debug] [2025-12-05T19:59:48.576Z] Checked if tokens are valid: false, expires at: 1764883455270
[debug] [2025-12-05T19:59:48.576Z] Checked if tokens are valid: false, expires at: 1764883455270
[debug] [2025-12-05T19:59:48.576Z] > refreshing access token with scopes: []
[debug] [2025-12-05T19:59:48.577Z] >>> [apiv2][query] POST https://www.googleapis.com/oauth2/v3/token [none]
[debug] [2025-12-05T19:59:48.577Z] >>> [apiv2][body] POST https://www.googleapis.com/oauth2/v3/token [omitted]
[debug] [2025-12-05T19:59:48.581Z] > command requires scopes: ["email","openid","https://www.googleapis.com/auth/cloudplatformprojects.readonly","https://www.googleapis.com/auth/firebase","https://www.googleapis.com/auth/cloud-platform","https://www.googleapis.com/auth/userinfo.email"]
[debug] [2025-12-05T19:59:48.581Z] > authorizing via signed-in user (amin8914@gmail.com)
[debug] [2025-12-05T19:59:48.582Z] Checked if tokens are valid: false, expires at: 1764883455270
[debug] [2025-12-05T19:59:48.583Z] Checked if tokens are valid: false, expires at: 1764883455270
[debug] [2025-12-05T19:59:48.583Z] > refreshing access token with scopes: []
[debug] [2025-12-05T19:59:48.583Z] >>> [apiv2][query] POST https://www.googleapis.com/oauth2/v3/token [none]
[debug] [2025-12-05T19:59:48.584Z] >>> [apiv2][body] POST https://www.googleapis.com/oauth2/v3/token [omitted]
[debug] [2025-12-05T19:59:48.589Z] Checked if tokens are valid: false, expires at: 1764883455270
[debug] [2025-12-05T19:59:48.589Z] Checked if tokens are valid: false, expires at: 1764883455270
[debug] [2025-12-05T19:59:48.589Z] > refreshing access token with scopes: []
[debug] [2025-12-05T19:59:48.590Z] >>> [apiv2][query] POST https://www.googleapis.com/oauth2/v3/token [none]
[debug] [2025-12-05T19:59:48.590Z] >>> [apiv2][body] POST https://www.googleapis.com/oauth2/v3/token [omitted]
[debug] [2025-12-05T19:59:48.688Z] <<< [apiv2][status] POST https://www.googleapis.com/oauth2/v3/token 200
[debug] [2025-12-05T19:59:48.688Z] <<< [apiv2][body] POST https://www.googleapis.com/oauth2/v3/token [omitted]
[debug] [2025-12-05T19:59:48.712Z] >>> [apiv2][query] GET https://serviceusage.googleapis.com/v1/projects/aura-mebel-7ec96/services/firebasedataconnect.googleapis.com [none]
[debug] [2025-12-05T19:59:48.713Z] >>> [apiv2][(partial)header] GET https://serviceusage.googleapis.com/v1/projects/aura-mebel-7ec96/services/firebasedataconnect.googleapis.com x-goog-quota-user=projects/aura-mebel-7ec96
[debug] [2025-12-05T19:59:48.780Z] <<< [apiv2][status] POST https://www.googleapis.com/oauth2/v3/token 200
[debug] [2025-12-05T19:59:48.780Z] <<< [apiv2][body] POST https://www.googleapis.com/oauth2/v3/token [omitted]
[debug] [2025-12-05T19:59:48.797Z] >>> [apiv2][query] GET https://serviceusage.googleapis.com/v1/projects/aura-mebel-7ec96/services/firebaseio.com [none]
[debug] [2025-12-05T19:59:48.797Z] >>> [apiv2][(partial)header] GET https://serviceusage.googleapis.com/v1/projects/aura-mebel-7ec96/services/firebaseio.com x-goog-quota-user=projects/aura-mebel-7ec96
[debug] [2025-12-05T19:59:48.845Z] <<< [apiv2][status] POST https://www.googleapis.com/oauth2/v3/token 200
[debug] [2025-12-05T19:59:48.845Z] <<< [apiv2][body] POST https://www.googleapis.com/oauth2/v3/token [omitted]
[debug] [2025-12-05T19:59:48.861Z] >>> [apiv2][query] GET https://serviceusage.googleapis.com/v1/projects/aura-mebel-7ec96/services/firebasedataconnect.googleapis.com [none]
[debug] [2025-12-05T19:59:48.862Z] >>> [apiv2][(partial)header] GET https://serviceusage.googleapis.com/v1/projects/aura-mebel-7ec96/services/firebasedataconnect.googleapis.com x-goog-quota-user=projects/aura-mebel-7ec96
[debug] [2025-12-05T19:59:48.865Z] <<< [apiv2][status] POST https://www.googleapis.com/oauth2/v3/token 200
[debug] [2025-12-05T19:59:48.865Z] <<< [apiv2][body] POST https://www.googleapis.com/oauth2/v3/token [omitted]
[debug] [2025-12-05T19:59:48.874Z] >>> [apiv2][query] GET https://serviceusage.googleapis.com/v1/projects/aura-mebel-7ec96/services/firebaseio.com [none]
[debug] [2025-12-05T19:59:48.874Z] >>> [apiv2][(partial)header] GET https://serviceusage.googleapis.com/v1/projects/aura-mebel-7ec96/services/firebaseio.com x-goog-quota-user=projects/aura-mebel-7ec96
[debug] [2025-12-05T19:59:49.175Z] <<< [apiv2][status] GET https://serviceusage.googleapis.com/v1/projects/aura-mebel-7ec96/services/firebasedataconnect.googleapis.com 200
[debug] [2025-12-05T19:59:49.176Z] <<< [apiv2][body] GET https://serviceusage.googleapis.com/v1/projects/aura-mebel-7ec96/services/firebasedataconnect.googleapis.com [omitted]
[debug] [2025-12-05T19:59:49.449Z] <<< [apiv2][status] GET https://serviceusage.googleapis.com/v1/projects/aura-mebel-7ec96/services/firebaseio.com 403
[debug] [2025-12-05T19:59:49.449Z] <<< [apiv2][body] GET https://serviceusage.googleapis.com/v1/projects/aura-mebel-7ec96/services/firebaseio.com [omitted]
[debug] [2025-12-05T19:59:49.507Z] <<< [apiv2][status] GET https://serviceusage.googleapis.com/v1/projects/aura-mebel-7ec96/services/firebaseio.com 403
[debug] [2025-12-05T19:59:49.507Z] <<< [apiv2][body] GET https://serviceusage.googleapis.com/v1/projects/aura-mebel-7ec96/services/firebaseio.com [omitted]
[debug] [2025-12-05T19:59:49.530Z] <<< [apiv2][status] GET https://serviceusage.googleapis.com/v1/projects/aura-mebel-7ec96/services/firebasedataconnect.googleapis.com 200
[debug] [2025-12-05T19:59:49.531Z] <<< [apiv2][body] GET https://serviceusage.googleapis.com/v1/projects/aura-mebel-7ec96/services/firebasedataconnect.googleapis.com [omitted]
[error] Failed to fetch Firebase Project from Studio Workspace because WORKSPACE_SLUG environment variable is empty
[error] Failed to fetch Firebase Project from Studio Workspace because WORKSPACE_SLUG environment variable is empty
[error] Failed to fetch Firebase Project from Studio Workspace because WORKSPACE_SLUG environment variable is empty
[debug] [2025-12-05T19:59:49.539Z] > command requires scopes: ["email","openid","https://www.googleapis.com/auth/cloudplatformprojects.readonly","https://www.googleapis.com/auth/firebase","https://www.googleapis.com/auth/cloud-platform","https://www.googleapis.com/auth/userinfo.email"]
[debug] [2025-12-05T19:59:49.539Z] > authorizing via signed-in user (amin8914@gmail.com)
[error] Failed to fetch Firebase Project from Studio Workspace because WORKSPACE_SLUG environment variable is empty
[debug] [2025-12-05T19:59:49.546Z] > command requires scopes: ["email","openid","https://www.googleapis.com/auth/cloudplatformprojects.readonly","https://www.googleapis.com/auth/firebase","https://www.googleapis.com/auth/cloud-platform","https://www.googleapis.com/auth/userinfo.email"]
[debug] [2025-12-05T19:59:49.548Z] > authorizing via signed-in user (amin8914@gmail.com)
[error] Failed to fetch Firebase Project from Studio Workspace because WORKSPACE_SLUG environment variable is empty
[error] Failed to fetch Firebase Project from Studio Workspace because WORKSPACE_SLUG environment variable is empty
[error] Failed to fetch Firebase Project from Studio Workspace because WORKSPACE_SLUG environment variable is empty
[debug] [2025-12-05T19:59:49.570Z] > command requires scopes: ["email","openid","https://www.googleapis.com/auth/cloudplatformprojects.readonly","https://www.googleapis.com/auth/firebase","https://www.googleapis.com/auth/cloud-platform","https://www.googleapis.com/auth/userinfo.email"]
[debug] [2025-12-05T19:59:49.570Z] > authorizing via signed-in user (amin8914@gmail.com)
[error] Failed to fetch Firebase Project from Studio Workspace because WORKSPACE_SLUG environment variable is empty
[debug] [2025-12-05T19:59:49.572Z] > command requires scopes: ["email","openid","https://www.googleapis.com/auth/cloudplatformprojects.readonly","https://www.googleapis.com/auth/firebase","https://www.googleapis.com/auth/cloud-platform","https://www.googleapis.com/auth/userinfo.email"]
[debug] [2025-12-05T19:59:49.572Z] > authorizing via signed-in user (amin8914@gmail.com)
[error] Failed to fetch Firebase Project from Studio Workspace because WORKSPACE_SLUG environment variable is empty
[error] Failed to fetch Firebase Project from Studio Workspace because WORKSPACE_SLUG environment variable is empty
[error] Failed to fetch Firebase Project from Studio Workspace because WORKSPACE_SLUG environment variable is empty
[debug] [2025-12-05T19:59:49.584Z] > command requires scopes: ["email","openid","https://www.googleapis.com/auth/cloudplatformprojects.readonly","https://www.googleapis.com/auth/firebase","https://www.googleapis.com/auth/cloud-platform","https://www.googleapis.com/auth/userinfo.email"]
[debug] [2025-12-05T19:59:49.585Z] > authorizing via signed-in user (amin8914@gmail.com)
[error] Failed to fetch Firebase Project from Studio Workspace because WORKSPACE_SLUG environment variable is empty
[debug] [2025-12-05T19:59:49.591Z] > command requires scopes: ["email","openid","https://www.googleapis.com/auth/cloudplatformprojects.readonly","https://www.googleapis.com/auth/firebase","https://www.googleapis.com/auth/cloud-platform","https://www.googleapis.com/auth/userinfo.email"]
[debug] [2025-12-05T19:59:49.591Z] > authorizing via signed-in user (amin8914@gmail.com)
[error] Failed to fetch Firebase Project from Studio Workspace because WORKSPACE_SLUG environment variable is empty
[error] Failed to fetch Firebase Project from Studio Workspace because WORKSPACE_SLUG environment variable is empty
[error] Failed to fetch Firebase Project from Studio Workspace because WORKSPACE_SLUG environment variable is empty
[error] Failed to fetch Firebase Project from Studio Workspace because WORKSPACE_SLUG environment variable is empty
[debug] [2025-12-06T07:15:50.122Z] > command requires scopes: ["email","openid","https://www.googleapis.com/auth/cloudplatformprojects.readonly","https://www.googleapis.com/auth/firebase","https://www.googleapis.com/auth/cloud-platform","https://www.googleapis.com/auth/userinfo.email"]
[debug] [2025-12-06T07:15:50.123Z] > authorizing via signed-in user (amin8914@gmail.com)
[debug] [2025-12-06T07:15:50.131Z] Checked if tokens are valid: false, expires at: 1764968387865
[debug] [2025-12-06T07:15:50.132Z] Checked if tokens are valid: false, expires at: 1764968387865
[debug] [2025-12-06T07:15:50.133Z] > refreshing access token with scopes: []
[debug] [2025-12-06T07:15:50.136Z] >>> [apiv2][query] POST https://www.googleapis.com/oauth2/v3/token [none]
[debug] [2025-12-06T07:15:50.137Z] >>> [apiv2][body] POST https://www.googleapis.com/oauth2/v3/token [omitted]
[debug] [2025-12-06T07:15:50.205Z] Checked if tokens are valid: false, expires at: 1764968387865
[debug] [2025-12-06T07:15:50.206Z] Checked if tokens are valid: false, expires at: 1764968387865
[debug] [2025-12-06T07:15:50.206Z] > refreshing access token with scopes: []
[debug] [2025-12-06T07:15:50.207Z] >>> [apiv2][query] POST https://www.googleapis.com/oauth2/v3/token [none]
[debug] [2025-12-06T07:15:50.207Z] >>> [apiv2][body] POST https://www.googleapis.com/oauth2/v3/token [omitted]
[debug] [2025-12-06T07:15:50.211Z] > command requires scopes: ["email","openid","https://www.googleapis.com/auth/cloudplatformprojects.readonly","https://www.googleapis.com/auth/firebase","https://www.googleapis.com/auth/cloud-platform","https://www.googleapis.com/auth/userinfo.email"]
[debug] [2025-12-06T07:15:50.212Z] > authorizing via signed-in user (amin8914@gmail.com)
[debug] [2025-12-06T07:15:50.213Z] Checked if tokens are valid: false, expires at: 1764968387865
[debug] [2025-12-06T07:15:50.214Z] Checked if tokens are valid: false, expires at: 1764968387865
[debug] [2025-12-06T07:15:50.214Z] > refreshing access token with scopes: []
[debug] [2025-12-06T07:15:50.215Z] >>> [apiv2][query] POST https://www.googleapis.com/oauth2/v3/token [none]
[debug] [2025-12-06T07:15:50.215Z] >>> [apiv2][body] POST https://www.googleapis.com/oauth2/v3/token [omitted]
[debug] [2025-12-06T07:15:50.221Z] Checked if tokens are valid: false, expires at: 1764968387865
[debug] [2025-12-06T07:15:50.221Z] Checked if tokens are valid: false, expires at: 1764968387865
[debug] [2025-12-06T07:15:50.221Z] > refreshing access token with scopes: []
[debug] [2025-12-06T07:15:50.222Z] >>> [apiv2][query] POST https://www.googleapis.com/oauth2/v3/token [none]
[debug] [2025-12-06T07:15:50.222Z] >>> [apiv2][body] POST https://www.googleapis.com/oauth2/v3/token [omitted]
[debug] [2025-12-06T07:15:50.525Z] <<< [apiv2][status] POST https://www.googleapis.com/oauth2/v3/token 200
[debug] [2025-12-06T07:15:50.525Z] <<< [apiv2][body] POST https://www.googleapis.com/oauth2/v3/token [omitted]
[debug] [2025-12-06T07:15:50.545Z] >>> [apiv2][query] GET https://serviceusage.googleapis.com/v1/projects/aura-mebel-7ec96/services/firebasedataconnect.googleapis.com [none]
[debug] [2025-12-06T07:15:50.545Z] >>> [apiv2][(partial)header] GET https://serviceusage.googleapis.com/v1/projects/aura-mebel-7ec96/services/firebasedataconnect.googleapis.com x-goog-quota-user=projects/aura-mebel-7ec96
[debug] [2025-12-06T07:15:50.741Z] <<< [apiv2][status] POST https://www.googleapis.com/oauth2/v3/token 200
[debug] [2025-12-06T07:15:50.741Z] <<< [apiv2][body] POST https://www.googleapis.com/oauth2/v3/token [omitted]
[debug] [2025-12-06T07:15:50.759Z] >>> [apiv2][query] GET https://serviceusage.googleapis.com/v1/projects/aura-mebel-7ec96/services/firebasedataconnect.googleapis.com [none]
[debug] [2025-12-06T07:15:50.761Z] >>> [apiv2][(partial)header] GET https://serviceusage.googleapis.com/v1/projects/aura-mebel-7ec96/services/firebasedataconnect.googleapis.com x-goog-quota-user=projects/aura-mebel-7ec96
[debug] [2025-12-06T07:15:50.775Z] <<< [apiv2][status] POST https://www.googleapis.com/oauth2/v3/token 200
[debug] [2025-12-06T07:15:50.775Z] <<< [apiv2][body] POST https://www.googleapis.com/oauth2/v3/token [omitted]
[debug] [2025-12-06T07:15:50.794Z] >>> [apiv2][query] GET https://serviceusage.googleapis.com/v1/projects/aura-mebel-7ec96/services/firebaseio.com [none]
[debug] [2025-12-06T07:15:50.794Z] >>> [apiv2][(partial)header] GET https://serviceusage.googleapis.com/v1/projects/aura-mebel-7ec96/services/firebaseio.com x-goog-quota-user=projects/aura-mebel-7ec96
[debug] [2025-12-06T07:15:50.799Z] <<< [apiv2][status] POST https://www.googleapis.com/oauth2/v3/token 200
[debug] [2025-12-06T07:15:50.799Z] <<< [apiv2][body] POST https://www.googleapis.com/oauth2/v3/token [omitted]
[debug] [2025-12-06T07:15:50.814Z] >>> [apiv2][query] GET https://serviceusage.googleapis.com/v1/projects/aura-mebel-7ec96/services/firebaseio.com [none]
[debug] [2025-12-06T07:15:50.814Z] >>> [apiv2][(partial)header] GET https://serviceusage.googleapis.com/v1/projects/aura-mebel-7ec96/services/firebaseio.com x-goog-quota-user=projects/aura-mebel-7ec96
[debug] [2025-12-06T07:15:51.153Z] <<< [apiv2][status] GET https://serviceusage.googleapis.com/v1/projects/aura-mebel-7ec96/services/firebasedataconnect.googleapis.com 200
[debug] [2025-12-06T07:15:51.153Z] <<< [apiv2][body] GET https://serviceusage.googleapis.com/v1/projects/aura-mebel-7ec96/services/firebasedataconnect.googleapis.com [omitted]
[debug] [2025-12-06T07:15:51.431Z] <<< [apiv2][status] GET https://serviceusage.googleapis.com/v1/projects/aura-mebel-7ec96/services/firebasedataconnect.googleapis.com 200
[debug] [2025-12-06T07:15:51.432Z] <<< [apiv2][body] GET https://serviceusage.googleapis.com/v1/projects/aura-mebel-7ec96/services/firebasedataconnect.googleapis.com [omitted]
[debug] [2025-12-06T07:15:51.472Z] <<< [apiv2][status] GET https://serviceusage.googleapis.com/v1/projects/aura-mebel-7ec96/services/firebaseio.com 403
[debug] [2025-12-06T07:15:51.472Z] <<< [apiv2][body] GET https://serviceusage.googleapis.com/v1/projects/aura-mebel-7ec96/services/firebaseio.com [omitted]
[debug] [2025-12-06T07:15:51.537Z] <<< [apiv2][status] GET https://serviceusage.googleapis.com/v1/projects/aura-mebel-7ec96/services/firebaseio.com 403
[debug] [2025-12-06T07:15:51.537Z] <<< [apiv2][body] GET https://serviceusage.googleapis.com/v1/projects/aura-mebel-7ec96/services/firebaseio.com [omitted]
[error] Failed to fetch Firebase Project from Studio Workspace because WORKSPACE_SLUG environment variable is empty
[error] Failed to fetch Firebase Project from Studio Workspace because WORKSPACE_SLUG environment variable is empty
[error] Failed to fetch Firebase Project from Studio Workspace because WORKSPACE_SLUG environment variable is empty
[debug] [2025-12-06T07:15:51.545Z] > command requires scopes: ["email","openid","https://www.googleapis.com/auth/cloudplatformprojects.readonly","https://www.googleapis.com/auth/firebase","https://www.googleapis.com/auth/cloud-platform","https://www.googleapis.com/auth/userinfo.email"]
[debug] [2025-12-06T07:15:51.547Z] > authorizing via signed-in user (amin8914@gmail.com)
[error] Failed to fetch Firebase Project from Studio Workspace because WORKSPACE_SLUG environment variable is empty
[debug] [2025-12-06T07:15:51.555Z] > command requires scopes: ["email","openid","https://www.googleapis.com/auth/cloudplatformprojects.readonly","https://www.googleapis.com/auth/firebase","https://www.googleapis.com/auth/cloud-platform","https://www.googleapis.com/auth/userinfo.email"]
[debug] [2025-12-06T07:15:51.555Z] > authorizing via signed-in user (amin8914@gmail.com)
[error] Failed to fetch Firebase Project from Studio Workspace because WORKSPACE_SLUG environment variable is empty
[error] Failed to fetch Firebase Project from Studio Workspace because WORKSPACE_SLUG environment variable is empty
[error] Failed to fetch Firebase Project from Studio Workspace because WORKSPACE_SLUG environment variable is empty
[debug] [2025-12-06T07:15:51.592Z] > command requires scopes: ["email","openid","https://www.googleapis.com/auth/cloudplatformprojects.readonly","https://www.googleapis.com/auth/firebase","https://www.googleapis.com/auth/cloud-platform","https://www.googleapis.com/auth/userinfo.email"]
[debug] [2025-12-06T07:15:51.592Z] > authorizing via signed-in user (amin8914@gmail.com)
[error] Failed to fetch Firebase Project from Studio Workspace because WORKSPACE_SLUG environment variable is empty
[debug] [2025-12-06T07:15:51.598Z] > command requires scopes: ["email","openid","https://www.googleapis.com/auth/cloudplatformprojects.readonly","https://www.googleapis.com/auth/firebase","https://www.googleapis.com/auth/cloud-platform","https://www.googleapis.com/auth/userinfo.email"]
[debug] [2025-12-06T07:15:51.598Z] > authorizing via signed-in user (amin8914@gmail.com)
[error] Failed to fetch Firebase Project from Studio Workspace because WORKSPACE_SLUG environment variable is empty
[error] Failed to fetch Firebase Project from Studio Workspace because WORKSPACE_SLUG environment variable is empty
[error] Failed to fetch Firebase Project from Studio Workspace because WORKSPACE_SLUG environment variable is empty
[debug] [2025-12-06T07:15:51.613Z] > command requires scopes: ["email","openid","https://www.googleapis.com/auth/cloudplatformprojects.readonly","https://www.googleapis.com/auth/firebase","https://www.googleapis.com/auth/cloud-platform","https://www.googleapis.com/auth/userinfo.email"]
[debug] [2025-12-06T07:15:51.614Z] > authorizing via signed-in user (amin8914@gmail.com)
[error] Failed to fetch Firebase Project from Studio Workspace because WORKSPACE_SLUG environment variable is empty
[debug] [2025-12-06T07:15:51.616Z] > command requires scopes: ["email","openid","https://www.googleapis.com/auth/cloudplatformprojects.readonly","https://www.googleapis.com/auth/firebase","https://www.googleapis.com/auth/cloud-platform","https://www.googleapis.com/auth/userinfo.email"]
[debug] [2025-12-06T07:15:51.616Z] > authorizing via signed-in user (amin8914@gmail.com)
[error] Failed to fetch Firebase Project from Studio Workspace because WORKSPACE_SLUG environment variable is empty
[error] Failed to fetch Firebase Project from Studio Workspace because WORKSPACE_SLUG environment variable is empty
[error] Failed to fetch Firebase Project from Studio Workspace because WORKSPACE_SLUG environment variable is empty
[error] Failed to fetch Firebase Project from Studio Workspace because WORKSPACE_SLUG environment variable is empty
[debug] [2025-12-06T17:16:46.274Z] > command requires scopes: ["email","openid","https://www.googleapis.com/auth/cloudplatformprojects.readonly","https://www.googleapis.com/auth/firebase","https://www.googleapis.com/auth/cloud-platform","https://www.googleapis.com/auth/userinfo.email"]
[debug] [2025-12-06T17:16:46.276Z] > authorizing via signed-in user (amin8914@gmail.com)
[debug] [2025-12-06T17:16:46.285Z] Checked if tokens are valid: false, expires at: 1765008949799
[debug] [2025-12-06T17:16:46.286Z] Checked if tokens are valid: false, expires at: 1765008949799
[debug] [2025-12-06T17:16:46.286Z] > refreshing access token with scopes: []
[debug] [2025-12-06T17:16:46.290Z] >>> [apiv2][query] POST https://www.googleapis.com/oauth2/v3/token [none]
[debug] [2025-12-06T17:16:46.290Z] >>> [apiv2][body] POST https://www.googleapis.com/oauth2/v3/token [omitted]
[debug] [2025-12-06T17:16:46.361Z] Checked if tokens are valid: false, expires at: 1765008949799
[debug] [2025-12-06T17:16:46.361Z] Checked if tokens are valid: false, expires at: 1765008949799
[debug] [2025-12-06T17:16:46.362Z] > refreshing access token with scopes: []
[debug] [2025-12-06T17:16:46.363Z] >>> [apiv2][query] POST https://www.googleapis.com/oauth2/v3/token [none]
[debug] [2025-12-06T17:16:46.363Z] >>> [apiv2][body] POST https://www.googleapis.com/oauth2/v3/token [omitted]
[debug] [2025-12-06T17:16:46.367Z] > command requires scopes: ["email","openid","https://www.googleapis.com/auth/cloudplatformprojects.readonly","https://www.googleapis.com/auth/firebase","https://www.googleapis.com/auth/cloud-platform","https://www.googleapis.com/auth/userinfo.email"]
[debug] [2025-12-06T17:16:46.368Z] > authorizing via signed-in user (amin8914@gmail.com)
[debug] [2025-12-06T17:16:46.369Z] Checked if tokens are valid: false, expires at: 1765008949799
[debug] [2025-12-06T17:16:46.370Z] Checked if tokens are valid: false, expires at: 1765008949799
[debug] [2025-12-06T17:16:46.370Z] > refreshing access token with scopes: []
[debug] [2025-12-06T17:16:46.371Z] >>> [apiv2][query] POST https://www.googleapis.com/oauth2/v3/token [none]
[debug] [2025-12-06T17:16:46.371Z] >>> [apiv2][body] POST https://www.googleapis.com/oauth2/v3/token [omitted]
[debug] [2025-12-06T17:16:46.378Z] Checked if tokens are valid: false, expires at: 1765008949799
[debug] [2025-12-06T17:16:46.378Z] Checked if tokens are valid: false, expires at: 1765008949799
[debug] [2025-12-06T17:16:46.378Z] > refreshing access token with scopes: []
[debug] [2025-12-06T17:16:46.379Z] >>> [apiv2][query] POST https://www.googleapis.com/oauth2/v3/token [none]
[debug] [2025-12-06T17:16:46.379Z] >>> [apiv2][body] POST https://www.googleapis.com/oauth2/v3/token [omitted]
[debug] [2025-12-06T17:16:46.619Z] <<< [apiv2][status] POST https://www.googleapis.com/oauth2/v3/token 200
[debug] [2025-12-06T17:16:46.619Z] <<< [apiv2][body] POST https://www.googleapis.com/oauth2/v3/token [omitted]
[debug] [2025-12-06T17:16:46.668Z] >>> [apiv2][query] GET https://serviceusage.googleapis.com/v1/projects/aura-mebel-7ec96/services/firebasedataconnect.googleapis.com [none]
[debug] [2025-12-06T17:16:46.668Z] >>> [apiv2][(partial)header] GET https://serviceusage.googleapis.com/v1/projects/aura-mebel-7ec96/services/firebasedataconnect.googleapis.com x-goog-quota-user=projects/aura-mebel-7ec96
[debug] [2025-12-06T17:16:46.852Z] <<< [apiv2][status] POST https://www.googleapis.com/oauth2/v3/token 200
[debug] [2025-12-06T17:16:46.857Z] <<< [apiv2][body] POST https://www.googleapis.com/oauth2/v3/token [omitted]
[debug] [2025-12-06T17:16:46.876Z] >>> [apiv2][query] GET https://serviceusage.googleapis.com/v1/projects/aura-mebel-7ec96/services/firebasedataconnect.googleapis.com [none]
[debug] [2025-12-06T17:16:46.877Z] >>> [apiv2][(partial)header] GET https://serviceusage.googleapis.com/v1/projects/aura-mebel-7ec96/services/firebasedataconnect.googleapis.com x-goog-quota-user=projects/aura-mebel-7ec96
[debug] [2025-12-06T17:16:46.933Z] <<< [apiv2][status] POST https://www.googleapis.com/oauth2/v3/token 200
[debug] [2025-12-06T17:16:46.933Z] <<< [apiv2][body] POST https://www.googleapis.com/oauth2/v3/token [omitted]
[debug] [2025-12-06T17:16:46.943Z] >>> [apiv2][query] GET https://serviceusage.googleapis.com/v1/projects/aura-mebel-7ec96/services/firebaseio.com [none]
[debug] [2025-12-06T17:16:46.943Z] >>> [apiv2][(partial)header] GET https://serviceusage.googleapis.com/v1/projects/aura-mebel-7ec96/services/firebaseio.com x-goog-quota-user=projects/aura-mebel-7ec96
[debug] [2025-12-06T17:16:47.029Z] <<< [apiv2][status] POST https://www.googleapis.com/oauth2/v3/token 200
[debug] [2025-12-06T17:16:47.030Z] <<< [apiv2][body] POST https://www.googleapis.com/oauth2/v3/token [omitted]
[debug] [2025-12-06T17:16:47.062Z] >>> [apiv2][query] GET https://serviceusage.googleapis.com/v1/projects/aura-mebel-7ec96/services/firebaseio.com [none]
[debug] [2025-12-06T17:16:47.062Z] >>> [apiv2][(partial)header] GET https://serviceusage.googleapis.com/v1/projects/aura-mebel-7ec96/services/firebaseio.com x-goog-quota-user=projects/aura-mebel-7ec96
[debug] [2025-12-06T17:16:47.335Z] <<< [apiv2][status] GET https://serviceusage.googleapis.com/v1/projects/aura-mebel-7ec96/services/firebaseio.com 403
[debug] [2025-12-06T17:16:47.338Z] <<< [apiv2][body] GET https://serviceusage.googleapis.com/v1/projects/aura-mebel-7ec96/services/firebaseio.com [omitted]
[debug] [2025-12-06T17:16:47.606Z] <<< [apiv2][status] GET https://serviceusage.googleapis.com/v1/projects/aura-mebel-7ec96/services/firebasedataconnect.googleapis.com 200
[debug] [2025-12-06T17:16:47.607Z] <<< [apiv2][body] GET https://serviceusage.googleapis.com/v1/projects/aura-mebel-7ec96/services/firebasedataconnect.googleapis.com [omitted]
[error] Failed to fetch Firebase Project from Studio Workspace because WORKSPACE_SLUG environment variable is empty
[error] Failed to fetch Firebase Project from Studio Workspace because WORKSPACE_SLUG environment variable is empty
[error] Failed to fetch Firebase Project from Studio Workspace because WORKSPACE_SLUG environment variable is empty
[debug] [2025-12-06T17:16:47.615Z] > command requires scopes: ["email","openid","https://www.googleapis.com/auth/cloudplatformprojects.readonly","https://www.googleapis.com/auth/firebase","https://www.googleapis.com/auth/cloud-platform","https://www.googleapis.com/auth/userinfo.email"]
[debug] [2025-12-06T17:16:47.615Z] > authorizing via signed-in user (amin8914@gmail.com)
[error] Failed to fetch Firebase Project from Studio Workspace because WORKSPACE_SLUG environment variable is empty
[debug] [2025-12-06T17:16:47.628Z] > command requires scopes: ["email","openid","https://www.googleapis.com/auth/cloudplatformprojects.readonly","https://www.googleapis.com/auth/firebase","https://www.googleapis.com/auth/cloud-platform","https://www.googleapis.com/auth/userinfo.email"]
[debug] [2025-12-06T17:16:47.629Z] > authorizing via signed-in user (amin8914@gmail.com)
[error] Failed to fetch Firebase Project from Studio Workspace because WORKSPACE_SLUG environment variable is empty
[error] Failed to fetch Firebase Project from Studio Workspace because WORKSPACE_SLUG environment variable is empty
[error] Failed to fetch Firebase Project from Studio Workspace because WORKSPACE_SLUG environment variable is empty
[debug] [2025-12-06T17:16:47.673Z] > command requires scopes: ["email","openid","https://www.googleapis.com/auth/cloudplatformprojects.readonly","https://www.googleapis.com/auth/firebase","https://www.googleapis.com/auth/cloud-platform","https://www.googleapis.com/auth/userinfo.email"]
[debug] [2025-12-06T17:16:47.674Z] > authorizing via signed-in user (amin8914@gmail.com)
[error] Failed to fetch Firebase Project from Studio Workspace because WORKSPACE_SLUG environment variable is empty
[debug] [2025-12-06T17:16:47.691Z] > command requires scopes: ["email","openid","https://www.googleapis.com/auth/cloudplatformprojects.readonly","https://www.googleapis.com/auth/firebase","https://www.googleapis.com/auth/cloud-platform","https://www.googleapis.com/auth/userinfo.email"]
[debug] [2025-12-06T17:16:47.691Z] > authorizing via signed-in user (amin8914@gmail.com)
[error] Failed to fetch Firebase Project from Studio Workspace because WORKSPACE_SLUG environment variable is empty
[error] Failed to fetch Firebase Project from Studio Workspace because WORKSPACE_SLUG environment variable is empty
[error] Failed to fetch Firebase Project from Studio Workspace because WORKSPACE_SLUG environment variable is empty
[debug] [2025-12-06T17:16:47.733Z] > command requires scopes: ["email","openid","https://www.googleapis.com/auth/cloudplatformprojects.readonly","https://www.googleapis.com/auth/firebase","https://www.googleapis.com/auth/cloud-platform","https://www.googleapis.com/auth/userinfo.email"]
[debug] [2025-12-06T17:16:47.733Z] > authorizing via signed-in user (amin8914@gmail.com)
[error] Failed to fetch Firebase Project from Studio Workspace because WORKSPACE_SLUG environment variable is empty
[debug] [2025-12-06T17:16:47.743Z] > command requires scopes: ["email","openid","https://www.googleapis.com/auth/cloudplatformprojects.readonly","https://www.googleapis.com/auth/firebase","https://www.googleapis.com/auth/cloud-platform","https://www.googleapis.com/auth/userinfo.email"]
[debug] [2025-12-06T17:16:47.744Z] > authorizing via signed-in user (amin8914@gmail.com)
[debug] [2025-12-06T17:16:47.763Z] <<< [apiv2][status] GET https://serviceusage.googleapis.com/v1/projects/aura-mebel-7ec96/services/firebasedataconnect.googleapis.com 200
[debug] [2025-12-06T17:16:47.764Z] <<< [apiv2][body] GET https://serviceusage.googleapis.com/v1/projects/aura-mebel-7ec96/services/firebasedataconnect.googleapis.com [omitted]
[debug] [2025-12-06T17:16:47.785Z] <<< [apiv2][status] GET https://serviceusage.googleapis.com/v1/projects/aura-mebel-7ec96/services/firebaseio.com 403
[debug] [2025-12-06T17:16:47.788Z] <<< [apiv2][body] GET https://serviceusage.googleapis.com/v1/projects/aura-mebel-7ec96/services/firebaseio.com [omitted]
